[2012-11-29 16:47:51] request.ERROR: Symfony\Component\HttpKernel\Exception\NotFoundHttpException: No route found for "GET /" (uncaught exception) at /Applications/XAMPP/xamppfiles/htdocs/Echecs_MTP/vendor/symfony/symfony/src/Symfony/Component/HttpKernel/EventListener/RouterListener.php line 92 [] []
[2012-11-29 16:52:19] request.ERROR: Symfony\Component\HttpKernel\Exception\NotFoundHttpException: No route found for "GET /" (uncaught exception) at /Applications/XAMPP/xamppfiles/htdocs/Echecs_MTP/vendor/symfony/symfony/src/Symfony/Component/HttpKernel/EventListener/RouterListener.php line 92 [] []
[2012-11-29 18:20:43] request.ERROR: Symfony\Component\HttpKernel\Exception\NotFoundHttpException: No route found for "GET /" (uncaught exception) at /Applications/XAMPP/xamppfiles/htdocs/Echecs_MTP/app/cache/prod/classes.php line 5060 [] []
[2012-11-29 18:58:24] request.ERROR: Symfony\Component\HttpKernel\Exception\NotFoundHttpException: No route found for "GET /bundles/Echecspage/css/main.css" (uncaught exception) at /Applications/XAMPP/xamppfiles/htdocs/Echecs_MTP/app/cache/prod/classes.php line 5060 [] []
[2012-11-29 18:58:26] request.ERROR: Symfony\Component\HttpKernel\Exception\NotFoundHttpException: No route found for "GET /bundles/Echecspage/css/main.css" (uncaught exception) at /Applications/XAMPP/xamppfiles/htdocs/Echecs_MTP/app/cache/prod/classes.php line 5060 [] []
[2012-11-29 19:13:10] request.ERROR: Symfony\Component\HttpKernel\Exception\NotFoundHttpException: No route found for "GET /bundles/echecs/css/sceme.css" (uncaught exception) at /Applications/XAMPP/xamppfiles/htdocs/Echecs_MTP/app/cache/prod/classes.php line 5060 [] []
[2012-11-29 19:13:12] request.ERROR: Symfony\Component\HttpKernel\Exception\NotFoundHttpException: No route found for "GET /bundles/echecs/css/sceme.css" (uncaught exception) at /Applications/XAMPP/xamppfiles/htdocs/Echecs_MTP/app/cache/prod/classes.php line 5060 [] []
[2012-11-29 19:13:15] request.ERROR: Symfony\Component\HttpKernel\Exception\NotFoundHttpException: No route found for "GET /bundles/echecs/css/sceme.css" (uncaught exception) at /Applications/XAMPP/xamppfiles/htdocs/Echecs_MTP/app/cache/prod/classes.php line 5060 [] []
[2012-11-29 19:13:16] request.ERROR: Symfony\Component\HttpKernel\Exception\NotFoundHttpException: No route found for "GET /bundles/echecs/css/sceme.css" (uncaught exception) at /Applications/XAMPP/xamppfiles/htdocs/Echecs_MTP/app/cache/prod/classes.php line 5060 [] []
[2012-11-29 19:13:18] request.ERROR: Symfony\Component\HttpKernel\Exception\NotFoundHttpException: No route found for "GET /bundles/echecs/css/sceme.css" (uncaught exception) at /Applications/XAMPP/xamppfiles/htdocs/Echecs_MTP/app/cache/prod/classes.php line 5060 [] []
[2012-11-29 19:14:43] request.ERROR: Symfony\Component\HttpKernel\Exception\NotFoundHttpException: No route found for "GET /bundles/echecs/css/sceme.css" (uncaught exception) at /Applications/XAMPP/xamppfiles/htdocs/Echecs_MTP/app/cache/prod/classes.php line 5060 [] []
[2012-11-29 19:18:05] request.ERROR: Symfony\Component\HttpKernel\Exception\NotFoundHttpException: No route found for "GET /bundles/echecs/css/sceme.css" (uncaught exception) at /Applications/XAMPP/xamppfiles/htdocs/Echecs_MTP/app/cache/prod/classes.php line 5060 [] []
[2012-11-29 19:18:55] request.ERROR: Symfony\Component\HttpKernel\Exception\NotFoundHttpException: No route found for "GET /bundles/echecs/css/sceme.css" (uncaught exception) at /Applications/XAMPP/xamppfiles/htdocs/Echecs_MTP/app/cache/prod/classes.php line 5060 [] []
[2012-11-29 19:18:57] request.ERROR: Symfony\Component\HttpKernel\Exception\NotFoundHttpException: No route found for "GET /bundles/echecs/css/sceme.css" (uncaught exception) at /Applications/XAMPP/xamppfiles/htdocs/Echecs_MTP/app/cache/prod/classes.php line 5060 [] []
[2012-11-29 19:19:57] request.ERROR: Symfony\Component\HttpKernel\Exception\NotFoundHttpException: No route found for "GET /bundles/echecs/css/sceme.css" (uncaught exception) at /Applications/XAMPP/xamppfiles/htdocs/Echecs_MTP/app/cache/prod/classes.php line 5060 [] []
[2012-11-29 19:19:58] request.ERROR: Symfony\Component\HttpKernel\Exception\NotFoundHttpException: No route found for "GET /bundles/echecs/css/sceme.css" (uncaught exception) at /Applications/XAMPP/xamppfiles/htdocs/Echecs_MTP/app/cache/prod/classes.php line 5060 [] []
[2012-11-29 19:20:26] request.ERROR: Symfony\Component\HttpKernel\Exception\NotFoundHttpException: No route found for "GET /bundles/echecs/css/sceme.css" (uncaught exception) at /Applications/XAMPP/xamppfiles/htdocs/Echecs_MTP/app/cache/prod/classes.php line 5060 [] []
[2012-11-29 19:20:27] request.ERROR: Symfony\Component\HttpKernel\Exception\NotFoundHttpException: No route found for "GET /bundles/echecs/css/sceme.css" (uncaught exception) at /Applications/XAMPP/xamppfiles/htdocs/Echecs_MTP/app/cache/prod/classes.php line 5060 [] []
[2012-11-29 19:20:54] request.ERROR: Symfony\Component\HttpKernel\Exception\NotFoundHttpException: No route found for "GET /bundles/echecs/css/sceme.css" (uncaught exception) at /Applications/XAMPP/xamppfiles/htdocs/Echecs_MTP/app/cache/prod/classes.php line 5060 [] []
[2012-11-29 19:22:23] request.ERROR: Symfony\Component\HttpKernel\Exception\NotFoundHttpException: No route found for "GET /bundles/echecs/css/sceme.css" (uncaught exception) at /Applications/XAMPP/xamppfiles/htdocs/Echecs_MTP/app/cache/prod/classes.php line 5060 [] []
[2012-11-29 19:22:54] request.ERROR: Symfony\Component\HttpKernel\Exception\NotFoundHttpException: No route found for "GET /bundles/echecs/css/sceme.css" (uncaught exception) at /Applications/XAMPP/xamppfiles/htdocs/Echecs_MTP/app/cache/prod/classes.php line 5060 [] []
[2012-11-29 19:23:23] request.ERROR: Symfony\Component\HttpKernel\Exception\NotFoundHttpException: No route found for "GET /bundles/echecs/css/sceme.css" (uncaught exception) at /Applications/XAMPP/xamppfiles/htdocs/Echecs_MTP/app/cache/prod/classes.php line 5060 [] []
[2012-11-29 19:23:24] request.ERROR: Symfony\Component\HttpKernel\Exception\NotFoundHttpException: No route found for "GET /bundles/echecs/css/sceme.css" (uncaught exception) at /Applications/XAMPP/xamppfiles/htdocs/Echecs_MTP/app/cache/prod/classes.php line 5060 [] []
[2012-11-29 19:25:04] request.ERROR: Symfony\Component\HttpKernel\Exception\NotFoundHttpException: No route found for "GET /bundles/echecs/css/sceme.css" (uncaught exception) at /Applications/XAMPP/xamppfiles/htdocs/Echecs_MTP/app/cache/prod/classes.php line 5060 [] []
[2012-11-29 19:25:05] request.ERROR: Symfony\Component\HttpKernel\Exception\NotFoundHttpException: No route found for "GET /bundles/echecs/css/sceme.css" (uncaught exception) at /Applications/XAMPP/xamppfiles/htdocs/Echecs_MTP/app/cache/prod/classes.php line 5060 [] []
[2012-11-29 19:26:07] request.ERROR: Symfony\Component\HttpKernel\Exception\NotFoundHttpException: No route found for "GET /bundles/echecs/css/sceme.css" (uncaught exception) at /Applications/XAMPP/xamppfiles/htdocs/Echecs_MTP/app/cache/prod/classes.php line 5060 [] []
[2012-11-29 19:29:25] request.ERROR: Symfony\Component\HttpKernel\Exception\NotFoundHttpException: No route found for "GET /bundles/echecs/css/sceme.css" (uncaught exception) at /Applications/XAMPP/xamppfiles/htdocs/Echecs_MTP/app/cache/prod/classes.php line 5060 [] []
[2012-11-29 19:29:27] request.ERROR: Symfony\Component\HttpKernel\Exception\NotFoundHttpException: No route found for "GET /bundles/echecs/css/sceme.css" (uncaught exception) at /Applications/XAMPP/xamppfiles/htdocs/Echecs_MTP/app/cache/prod/classes.php line 5060 [] []
[2012-11-29 19:33:21] request.ERROR: Symfony\Component\HttpKernel\Exception\NotFoundHttpException: No route found for "GET /bundles/echecs/css/sceme.css" (uncaught exception) at /Applications/XAMPP/xamppfiles/htdocs/Echecs_MTP/app/cache/prod/classes.php line 5060 [] []
[2012-11-29 19:33:22] request.ERROR: Symfony\Component\HttpKernel\Exception\NotFoundHttpException: No route found for "GET /bundles/echecs/css/sceme.css" (uncaught exception) at /Applications/XAMPP/xamppfiles/htdocs/Echecs_MTP/app/cache/prod/classes.php line 5060 [] []
[2012-11-29 19:34:14] request.ERROR: Symfony\Component\HttpKernel\Exception\NotFoundHttpException: No route found for "GET /bundles/echecs/css/sceme.css" (uncaught exception) at /Applications/XAMPP/xamppfiles/htdocs/Echecs_MTP/app/cache/prod/classes.php line 5060 [] []
[2012-11-29 19:34:14] request.ERROR: Symfony\Component\HttpKernel\Exception\NotFoundHttpException: No route found for "GET /bundles/echecs/css/sceme.css" (uncaught exception) at /Applications/XAMPP/xamppfiles/htdocs/Echecs_MTP/app/cache/prod/classes.php line 5060 [] []
[2012-11-29 19:34:15] request.ERROR: Symfony\Component\HttpKernel\Exception\NotFoundHttpException: No route found for "GET /bundles/echecs/css/sceme.css" (uncaught exception) at /Applications/XAMPP/xamppfiles/htdocs/Echecs_MTP/app/cache/prod/classes.php line 5060 [] []
[2012-11-29 19:35:03] request.ERROR: Symfony\Component\HttpKernel\Exception\NotFoundHttpException: No route found for "GET /bundles/echecs/css/sceme.css" (uncaught exception) at /Applications/XAMPP/xamppfiles/htdocs/Echecs_MTP/app/cache/prod/classes.php line 5060 [] []
[2012-11-29 19:35:03] request.ERROR: Symfony\Component\HttpKernel\Exception\NotFoundHttpException: No route found for "GET /bundles/echecs/css/sceme.css" (uncaught exception) at /Applications/XAMPP/xamppfiles/htdocs/Echecs_MTP/app/cache/prod/classes.php line 5060 [] []
[2012-11-29 19:35:04] request.ERROR: Symfony\Component\HttpKernel\Exception\NotFoundHttpException: No route found for "GET /bundles/echecs/css/sceme.css" (uncaught exception) at /Applications/XAMPP/xamppfiles/htdocs/Echecs_MTP/app/cache/prod/classes.php line 5060 [] []
[2012-11-29 19:35:05] request.ERROR: Symfony\Component\HttpKernel\Exception\NotFoundHttpException: No route found for "GET /bundles/echecs/css/sceme.css" (uncaught exception) at /Applications/XAMPP/xamppfiles/htdocs/Echecs_MTP/app/cache/prod/classes.php line 5060 [] []
[2012-11-29 19:35:48] request.ERROR: Symfony\Component\HttpKernel\Exception\NotFoundHttpException: No route found for "GET /bundles/echecs/css/sceme.css" (uncaught exception) at /Applications/XAMPP/xamppfiles/htdocs/Echecs_MTP/app/cache/prod/classes.php line 5060 [] []
[2012-11-29 19:36:34] request.ERROR: Symfony\Component\HttpKernel\Exception\NotFoundHttpException: No route found for "GET /bundles/echecs/css/sceme.css" (uncaught exception) at /Applications/XAMPP/xamppfiles/htdocs/Echecs_MTP/app/cache/prod/classes.php line 5060 [] []
[2012-11-29 19:36:35] request.ERROR: Symfony\Component\HttpKernel\Exception\NotFoundHttpException: No route found for "GET /bundles/echecs/css/sceme.css" (uncaught exception) at /Applications/XAMPP/xamppfiles/htdocs/Echecs_MTP/app/cache/prod/classes.php line 5060 [] []
[2012-11-29 19:38:13] request.ERROR: Symfony\Component\HttpKernel\Exception\NotFoundHttpException: No route found for "GET /bundles/echecs/css/sceme.css" (uncaught exception) at /Applications/XAMPP/xamppfiles/htdocs/Echecs_MTP/app/cache/prod/classes.php line 5060 [] []
[2012-11-29 19:39:29] request.ERROR: Symfony\Component\HttpKernel\Exception\NotFoundHttpException: No route found for "GET /bundles/echecs/css/sceme.css" (uncaught exception) at /Applications/XAMPP/xamppfiles/htdocs/Echecs_MTP/app/cache/prod/classes.php line 5060 [] []
[2012-11-29 19:39:31] request.ERROR: Symfony\Component\HttpKernel\Exception\NotFoundHttpException: No route found for "GET /bundles/echecs/css/sceme.css" (uncaught exception) at /Applications/XAMPP/xamppfiles/htdocs/Echecs_MTP/app/cache/prod/classes.php line 5060 [] []
[2012-11-29 19:39:47] request.ERROR: Symfony\Component\HttpKernel\Exception\NotFoundHttpException: No route found for "GET /bundles/echecs/css/sceme.css" (uncaught exception) at /Applications/XAMPP/xamppfiles/htdocs/Echecs_MTP/app/cache/prod/classes.php line 5060 [] []
[2012-11-29 19:40:26] request.ERROR: Symfony\Component\HttpKernel\Exception\NotFoundHttpException: No route found for "GET /bundles/echecs/css/sceme.css" (uncaught exception) at /Applications/XAMPP/xamppfiles/htdocs/Echecs_MTP/app/cache/prod/classes.php line 5060 [] []
[2012-11-29 19:40:27] request.ERROR: Symfony\Component\HttpKernel\Exception\NotFoundHttpException: No route found for "GET /bundles/echecs/css/sceme.css" (uncaught exception) at /Applications/XAMPP/xamppfiles/htdocs/Echecs_MTP/app/cache/prod/classes.php line 5060 [] []
[2012-11-29 19:41:15] request.ERROR: Symfony\Component\HttpKernel\Exception\NotFoundHttpException: No route found for "GET /bundles/echecs/css/sceme.css" (uncaught exception) at /Applications/XAMPP/xamppfiles/htdocs/Echecs_MTP/app/cache/prod/classes.php line 5060 [] []
[2012-11-29 19:41:18] request.ERROR: Symfony\Component\HttpKernel\Exception\NotFoundHttpException: No route found for "GET /bundles/echecs/css/sceme.css" (uncaught exception) at /Applications/XAMPP/xamppfiles/htdocs/Echecs_MTP/app/cache/prod/classes.php line 5060 [] []
[2012-11-29 19:41:19] request.ERROR: Symfony\Component\HttpKernel\Exception\NotFoundHttpException: No route found for "GET /bundles/echecs/css/sceme.css" (uncaught exception) at /Applications/XAMPP/xamppfiles/htdocs/Echecs_MTP/app/cache/prod/classes.php line 5060 [] []
[2012-11-29 19:43:19] request.ERROR: Symfony\Component\HttpKernel\Exception\NotFoundHttpException: No route found for "GET /bundles/echecs/css/sceme.css" (uncaught exception) at /Applications/XAMPP/xamppfiles/htdocs/Echecs_MTP/app/cache/prod/classes.php line 5060 [] []
[2012-11-29 19:43:20] request.ERROR: Symfony\Component\HttpKernel\Exception\NotFoundHttpException: No route found for "GET /bundles/echecs/css/sceme.css" (uncaught exception) at /Applications/XAMPP/xamppfiles/htdocs/Echecs_MTP/app/cache/prod/classes.php line 5060 [] []
[2012-11-29 19:43:31] request.ERROR: Symfony\Component\HttpKernel\Exception\NotFoundHttpException: No route found for "GET /bundles/echecs/css/sceme.css" (uncaught exception) at /Applications/XAMPP/xamppfiles/htdocs/Echecs_MTP/app/cache/prod/classes.php line 5060 [] []
[2012-11-29 19:43:32] request.ERROR: Symfony\Component\HttpKernel\Exception\NotFoundHttpException: No route found for "GET /bundles/echecs/css/sceme.css" (uncaught exception) at /Applications/XAMPP/xamppfiles/htdocs/Echecs_MTP/app/cache/prod/classes.php line 5060 [] []
[2012-11-29 19:43:33] request.ERROR: Symfony\Component\HttpKernel\Exception\NotFoundHttpException: No route found for "GET /bundles/echecs/css/sceme.css" (uncaught exception) at /Applications/XAMPP/xamppfiles/htdocs/Echecs_MTP/app/cache/prod/classes.php line 5060 [] []
[2012-11-29 19:43:35] request.ERROR: Symfony\Component\HttpKernel\Exception\NotFoundHttpException: No route found for "GET /bundles/echecs/css/sceme.css" (uncaught exception) at /Applications/XAMPP/xamppfiles/htdocs/Echecs_MTP/app/cache/prod/classes.php line 5060 [] []
[2012-11-29 19:44:30] request.ERROR: Symfony\Component\HttpKernel\Exception\NotFoundHttpException: No route found for "GET /bundles/echecs/css/sceme.css" (uncaught exception) at /Applications/XAMPP/xamppfiles/htdocs/Echecs_MTP/app/cache/prod/classes.php line 5060 [] []
[2012-11-29 19:44:31] request.ERROR: Symfony\Component\HttpKernel\Exception\NotFoundHttpException: No route found for "GET /bundles/echecs/css/sceme.css" (uncaught exception) at /Applications/XAMPP/xamppfiles/htdocs/Echecs_MTP/app/cache/prod/classes.php line 5060 [] []
[2012-11-29 19:45:33] request.ERROR: Symfony\Component\HttpKernel\Exception\NotFoundHttpException: No route found for "GET /bundles/echecs/css/sceme.css" (uncaught exception) at /Applications/XAMPP/xamppfiles/htdocs/Echecs_MTP/app/cache/prod/classes.php line 5060 [] []
[2012-11-29 19:45:35] request.ERROR: Symfony\Component\HttpKernel\Exception\NotFoundHttpException: No route found for "GET /bundles/echecs/css/sceme.css" (uncaught exception) at /Applications/XAMPP/xamppfiles/htdocs/Echecs_MTP/app/cache/prod/classes.php line 5060 [] []
[2012-11-29 19:45:39] request.ERROR: Symfony\Component\HttpKernel\Exception\NotFoundHttpException: No route found for "GET /bundles/echecs/css/sceme.css" (uncaught exception) at /Applications/XAMPP/xamppfiles/htdocs/Echecs_MTP/app/cache/prod/classes.php line 5060 [] []
[2012-11-29 19:45:41] request.ERROR: Symfony\Component\HttpKernel\Exception\NotFoundHttpException: No route found for "GET /bundles/echecs/css/sceme.css" (uncaught exception) at /Applications/XAMPP/xamppfiles/htdocs/Echecs_MTP/app/cache/prod/classes.php line 5060 [] []
[2012-11-29 19:45:42] request.ERROR: Symfony\Component\HttpKernel\Exception\NotFoundHttpException: No route found for "GET /bundles/echecs/css/sceme.css" (uncaught exception) at /Applications/XAMPP/xamppfiles/htdocs/Echecs_MTP/app/cache/prod/classes.php line 5060 [] []
[2012-11-29 19:45:43] request.ERROR: Symfony\Component\HttpKernel\Exception\NotFoundHttpException: No route found for "GET /bundles/echecs/css/sceme.css" (uncaught exception) at /Applications/XAMPP/xamppfiles/htdocs/Echecs_MTP/app/cache/prod/classes.php line 5060 [] []
[2012-11-29 19:45:43] request.ERROR: Symfony\Component\HttpKernel\Exception\NotFoundHttpException: No route found for "GET /bundles/echecs/css/sceme.css" (uncaught exception) at /Applications/XAMPP/xamppfiles/htdocs/Echecs_MTP/app/cache/prod/classes.php line 5060 [] []
[2012-11-29 19:45:48] request.ERROR: Symfony\Component\HttpKernel\Exception\NotFoundHttpException: No route found for "GET /bundles/echecs/css/sceme.css" (uncaught exception) at /Applications/XAMPP/xamppfiles/htdocs/Echecs_MTP/app/cache/prod/classes.php line 5060 [] []
[2012-11-29 19:46:10] request.ERROR: Symfony\Component\HttpKernel\Exception\NotFoundHttpException: No route found for "GET /bundles/echecs/css/sceme.css" (uncaught exception) at /Applications/XAMPP/xamppfiles/htdocs/Echecs_MTP/app/cache/prod/classes.php line 5060 [] []
[2012-11-29 19:46:11] request.ERROR: Symfony\Component\HttpKernel\Exception\NotFoundHttpException: No route found for "GET /bundles/echecs/css/sceme.css" (uncaught exception) at /Applications/XAMPP/xamppfiles/htdocs/Echecs_MTP/app/cache/prod/classes.php line 5060 [] []
[2012-11-29 19:46:13] request.ERROR: Symfony\Component\HttpKernel\Exception\NotFoundHttpException: No route found for "GET /bundles/echecs/css/sceme.css" (uncaught exception) at /Applications/XAMPP/xamppfiles/htdocs/Echecs_MTP/app/cache/prod/classes.php line 5060 [] []
[2012-11-29 19:46:34] request.ERROR: Symfony\Component\HttpKernel\Exception\NotFoundHttpException: No route found for "GET /bundles/echecs/css/sceme.css" (uncaught exception) at /Applications/XAMPP/xamppfiles/htdocs/Echecs_MTP/app/cache/prod/classes.php line 5060 [] []
[2012-11-29 19:50:40] request.ERROR: Symfony\Component\HttpKernel\Exception\NotFoundHttpException: No route found for "GET /bundles/echecs/css/sceme.css" (uncaught exception) at /Applications/XAMPP/xamppfiles/htdocs/Echecs_MTP/app/cache/prod/classes.php line 5060 [] []
[2012-11-29 19:50:42] request.ERROR: Symfony\Component\HttpKernel\Exception\NotFoundHttpException: No route found for "GET /bundles/echecs/css/sceme.css" (uncaught exception) at /Applications/XAMPP/xamppfiles/htdocs/Echecs_MTP/app/cache/prod/classes.php line 5060 [] []
[2012-11-29 20:05:00] request.ERROR: Symfony\Component\HttpKernel\Exception\NotFoundHttpException: No route found for "GET /bundles/echecs/css/sceme.css" (uncaught exception) at /Applications/XAMPP/xamppfiles/htdocs/Echecs_MTP/app/cache/prod/classes.php line 5060 [] []
[2012-11-29 20:05:22] request.ERROR: Symfony\Component\HttpKernel\Exception\NotFoundHttpException: No route found for "GET /bundles/echecs/css/sceme.css" (uncaught exception) at /Applications/XAMPP/xamppfiles/htdocs/Echecs_MTP/app/cache/prod/classes.php line 5060 [] []
[2012-11-29 20:05:23] request.ERROR: Symfony\Component\HttpKernel\Exception\NotFoundHttpException: No route found for "GET /bundles/echecs/css/sceme.css" (uncaught exception) at /Applications/XAMPP/xamppfiles/htdocs/Echecs_MTP/app/cache/prod/classes.php line 5060 [] []
[2012-11-29 20:05:24] request.ERROR: Symfony\Component\HttpKernel\Exception\NotFoundHttpException: No route found for "GET /bundles/echecs/css/sceme.css" (uncaught exception) at /Applications/XAMPP/xamppfiles/htdocs/Echecs_MTP/app/cache/prod/classes.php line 5060 [] []
[2012-11-29 20:05:27] request.ERROR: Symfony\Component\HttpKernel\Exception\NotFoundHttpException: No route found for "GET /bundles/echecs/css/sceme.css" (uncaught exception) at /Applications/XAMPP/xamppfiles/htdocs/Echecs_MTP/app/cache/prod/classes.php line 5060 [] []
[2012-11-29 20:05:28] request.ERROR: Symfony\Component\HttpKernel\Exception\NotFoundHttpException: No route found for "GET /bundles/echecs/css/sceme.css" (uncaught exception) at /Applications/XAMPP/xamppfiles/htdocs/Echecs_MTP/app/cache/prod/classes.php line 5060 [] []
[2012-11-29 20:05:30] request.ERROR: Symfony\Component\HttpKernel\Exception\NotFoundHttpException: No route found for "GET /bundles/echecs/css/sceme.css" (uncaught exception) at /Applications/XAMPP/xamppfiles/htdocs/Echecs_MTP/app/cache/prod/classes.php line 5060 [] []
[2012-11-29 20:06:31] request.ERROR: Symfony\Component\HttpKernel\Exception\NotFoundHttpException: No route found for "GET /bundles/echecs/css/sceme.css" (uncaught exception) at /Applications/XAMPP/xamppfiles/htdocs/Echecs_MTP/app/cache/prod/classes.php line 5060 [] []
[2012-11-29 20:09:49] request.ERROR: Symfony\Component\HttpKernel\Exception\NotFoundHttpException: No route found for "GET /bundles/echecs/css/sceme.css" (uncaught exception) at /Applications/XAMPP/xamppfiles/htdocs/Echecs_MTP/app/cache/prod/classes.php line 5060 [] []
[2012-11-29 20:09:52] request.ERROR: Symfony\Component\HttpKernel\Exception\NotFoundHttpException: No route found for "GET /bundles/echecs/css/sceme.css" (uncaught exception) at /Applications/XAMPP/xamppfiles/htdocs/Echecs_MTP/app/cache/prod/classes.php line 5060 [] []
[2012-11-29 20:09:53] request.ERROR: Symfony\Component\HttpKernel\Exception\NotFoundHttpException: No route found for "GET /bundles/echecs/css/sceme.css" (uncaught exception) at /Applications/XAMPP/xamppfiles/htdocs/Echecs_MTP/app/cache/prod/classes.php line 5060 [] []
[2012-11-29 20:10:06] request.ERROR: Symfony\Component\HttpKernel\Exception\NotFoundHttpException: No route found for "GET /bundles/echecs/css/sceme.css" (uncaught exception) at /Applications/XAMPP/xamppfiles/htdocs/Echecs_MTP/app/cache/prod/classes.php line 5060 [] []
[2012-11-29 20:10:08] request.ERROR: Symfony\Component\HttpKernel\Exception\NotFoundHttpException: No route found for "GET /bundles/echecs/css/sceme.css" (uncaught exception) at /Applications/XAMPP/xamppfiles/htdocs/Echecs_MTP/app/cache/prod/classes.php line 5060 [] []
[2012-11-29 20:10:09] request.ERROR: Symfony\Component\HttpKernel\Exception\NotFoundHttpException: No route found for "GET /bundles/echecs/css/sceme.css" (uncaught exception) at /Applications/XAMPP/xamppfiles/htdocs/Echecs_MTP/app/cache/prod/classes.php line 5060 [] []
[2012-11-29 20:10:09] request.ERROR: Symfony\Component\HttpKernel\Exception\NotFoundHttpException: No route found for "GET /bundles/echecs/css/sceme.css" (uncaught exception) at /Applications/XAMPP/xamppfiles/htdocs/Echecs_MTP/app/cache/prod/classes.php line 5060 [] []
[2012-11-29 20:10:10] request.ERROR: Symfony\Component\HttpKernel\Exception\NotFoundHttpException: No route found for "GET /bundles/echecs/css/sceme.css" (uncaught exception) at /Applications/XAMPP/xamppfiles/htdocs/Echecs_MTP/app/cache/prod/classes.php line 5060 [] []
[2012-11-29 20:10:11] request.ERROR: Symfony\Component\HttpKernel\Exception\NotFoundHttpException: No route found for "GET /bundles/echecs/css/sceme.css" (uncaught exception) at /Applications/XAMPP/xamppfiles/htdocs/Echecs_MTP/app/cache/prod/classes.php line 5060 [] []
[2012-11-29 20:10:12] request.ERROR: Symfony\Component\HttpKernel\Exception\NotFoundHttpException: No route found for "GET /bundles/echecs/css/sceme.css" (uncaught exception) at /Applications/XAMPP/xamppfiles/htdocs/Echecs_MTP/app/cache/prod/classes.php line 5060 [] []
[2012-11-29 20:10:14] request.ERROR: Symfony\Component\HttpKernel\Exception\NotFoundHttpException: No route found for "GET /bundles/echecs/css/sceme.css" (uncaught exception) at /Applications/XAMPP/xamppfiles/htdocs/Echecs_MTP/app/cache/prod/classes.php line 5060 [] []
[2012-11-29 20:10:15] request.ERROR: Symfony\Component\HttpKernel\Exception\NotFoundHttpException: No route found for "GET /bundles/echecs/css/sceme.css" (uncaught exception) at /Applications/XAMPP/xamppfiles/htdocs/Echecs_MTP/app/cache/prod/classes.php line 5060 [] []
[2012-11-29 20:10:20] request.ERROR: Symfony\Component\HttpKernel\Exception\NotFoundHttpException: No route found for "GET /bundles/echecs/css/sceme.css" (uncaught exception) at /Applications/XAMPP/xamppfiles/htdocs/Echecs_MTP/app/cache/prod/classes.php line 5060 [] []
[2012-11-29 20:10:21] request.ERROR: Symfony\Component\HttpKernel\Exception\NotFoundHttpException: No route found for "GET /bundles/echecs/css/sceme.css" (uncaught exception) at /Applications/XAMPP/xamppfiles/htdocs/Echecs_MTP/app/cache/prod/classes.php line 5060 [] []
[2012-11-29 20:10:22] request.ERROR: Symfony\Component\HttpKernel\Exception\NotFoundHttpException: No route found for "GET /bundles/echecs/css/sceme.css" (uncaught exception) at /Applications/XAMPP/xamppfiles/htdocs/Echecs_MTP/app/cache/prod/classes.php line 5060 [] []
[2012-11-29 20:10:27] request.ERROR: Symfony\Component\HttpKernel\Exception\NotFoundHttpException: No route found for "GET /bundles/echecs/css/sceme.css" (uncaught exception) at /Applications/XAMPP/xamppfiles/htdocs/Echecs_MTP/app/cache/prod/classes.php line 5060 [] []
[2012-11-29 20:10:28] request.ERROR: Symfony\Component\HttpKernel\Exception\NotFoundHttpException: No route found for "GET /bundles/echecs/css/sceme.css" (uncaught exception) at /Applications/XAMPP/xamppfiles/htdocs/Echecs_MTP/app/cache/prod/classes.php line 5060 [] []
[2012-11-29 20:10:30] request.ERROR: Symfony\Component\HttpKernel\Exception\NotFoundHttpException: No route found for "GET /bundles/echecs/css/sceme.css" (uncaught exception) at /Applications/XAMPP/xamppfiles/htdocs/Echecs_MTP/app/cache/prod/classes.php line 5060 [] []
[2012-11-30 12:29:02] request.ERROR: Symfony\Component\HttpKernel\Exception\NotFoundHttpException: No route found for "GET /bundles/echecs/image/ecm-logo.png" (uncaught exception) at /Applications/XAMPP/xamppfiles/htdocs/Echecs_MTP/app/cache/prod/classes.php line 5060 [] []
[2012-11-30 12:29:08] request.ERROR: Symfony\Component\HttpKernel\Exception\NotFoundHttpException: No route found for "GET /bundles/echecs/image/ecm-logo.png" (uncaught exception) at /Applications/XAMPP/xamppfiles/htdocs/Echecs_MTP/app/cache/prod/classes.php line 5060 [] []
[2012-11-30 12:37:17] request.ERROR: Symfony\Component\HttpKernel\Exception\NotFoundHttpException: No route found for "GET /images/ecm-logo.png" (uncaught exception) at /Applications/XAMPP/xamppfiles/htdocs/Echecs_MTP/app/cache/prod/classes.php line 5060 [] []
[2012-11-30 12:37:19] request.ERROR: Symfony\Component\HttpKernel\Exception\NotFoundHttpException: No route found for "GET /images/ecm-logo.png" (uncaught exception) at /Applications/XAMPP/xamppfiles/htdocs/Echecs_MTP/app/cache/prod/classes.php line 5060 [] []
[2012-11-30 12:37:29] request.ERROR: Symfony\Component\HttpKernel\Exception\NotFoundHttpException: No route found for "GET /images/ecm-logo.png" (uncaught exception) at /Applications/XAMPP/xamppfiles/htdocs/Echecs_MTP/app/cache/prod/classes.php line 5060 [] []
[2012-11-30 12:44:32] request.ERROR: Symfony\Component\HttpKernel\Exception\NotFoundHttpException: No route found for "GET /images/ecm-logo.png" (uncaught exception) at /Applications/XAMPP/xamppfiles/htdocs/Echecs_MTP/app/cache/prod/classes.php line 5060 [] []
[2012-11-30 12:44:50] request.ERROR: Symfony\Component\HttpKernel\Exception\NotFoundHttpException: No route found for "GET /images/ecm-logo.png" (uncaught exception) at /Applications/XAMPP/xamppfiles/htdocs/Echecs_MTP/app/cache/prod/classes.php line 5060 [] []
[2012-11-30 12:44:56] request.ERROR: Symfony\Component\HttpKernel\Exception\NotFoundHttpException: No route found for "GET /images/ecm-logo.png" (uncaught exception) at /Applications/XAMPP/xamppfiles/htdocs/Echecs_MTP/app/cache/prod/classes.php line 5060 [] []
[2012-11-30 12:44:59] request.ERROR: Symfony\Component\HttpKernel\Exception\NotFoundHttpException: No route found for "GET /images/ecm-logo.png" (uncaught exception) at /Applications/XAMPP/xamppfiles/htdocs/Echecs_MTP/app/cache/prod/classes.php line 5060 [] []
[2012-11-30 12:45:00] request.ERROR: Symfony\Component\HttpKernel\Exception\NotFoundHttpException: No route found for "GET /images/ecm-logo.png" (uncaught exception) at /Applications/XAMPP/xamppfiles/htdocs/Echecs_MTP/app/cache/prod/classes.php line 5060 [] []
[2012-11-30 12:45:01] request.ERROR: Symfony\Component\HttpKernel\Exception\NotFoundHttpException: No route found for "GET /images/ecm-logo.png" (uncaught exception) at /Applications/XAMPP/xamppfiles/htdocs/Echecs_MTP/app/cache/prod/classes.php line 5060 [] []
[2012-11-30 12:45:10] request.ERROR: Symfony\Component\HttpKernel\Exception\NotFoundHttpException: No route found for "GET /images/ecm-logo.png" (uncaught exception) at /Applications/XAMPP/xamppfiles/htdocs/Echecs_MTP/app/cache/prod/classes.php line 5060 [] []
[2012-11-30 12:45:32] request.ERROR: Symfony\Component\HttpKernel\Exception\NotFoundHttpException: No route found for "GET /images/ecm-logo.png" (uncaught exception) at /Applications/XAMPP/xamppfiles/htdocs/Echecs_MTP/app/cache/prod/classes.php line 5060 [] []
[2012-11-30 12:45:33] request.ERROR: Symfony\Component\HttpKernel\Exception\NotFoundHttpException: No route found for "GET /images/ecm-logo.png" (uncaught exception) at /Applications/XAMPP/xamppfiles/htdocs/Echecs_MTP/app/cache/prod/classes.php line 5060 [] []
[2012-11-30 12:45:34] request.ERROR: Symfony\Component\HttpKernel\Exception\NotFoundHttpException: No route found for "GET /images/ecm-logo.png" (uncaught exception) at /Applications/XAMPP/xamppfiles/htdocs/Echecs_MTP/app/cache/prod/classes.php line 5060 [] []
[2012-11-30 12:45:36] request.ERROR: Symfony\Component\HttpKernel\Exception\NotFoundHttpException: No route found for "GET /images/ecm-logo.png" (uncaught exception) at /Applications/XAMPP/xamppfiles/htdocs/Echecs_MTP/app/cache/prod/classes.php line 5060 [] []
[2012-11-30 12:45:37] request.ERROR: Symfony\Component\HttpKernel\Exception\NotFoundHttpException: No route found for "GET /images/ecm-logo.png" (uncaught exception) at /Applications/XAMPP/xamppfiles/htdocs/Echecs_MTP/app/cache/prod/classes.php line 5060 [] []
[2012-11-30 12:45:37] request.ERROR: Symfony\Component\HttpKernel\Exception\NotFoundHttpException: No route found for "GET /images/ecm-logo.png" (uncaught exception) at /Applications/XAMPP/xamppfiles/htdocs/Echecs_MTP/app/cache/prod/classes.php line 5060 [] []
[2012-11-30 12:46:16] request.ERROR: Symfony\Component\HttpKernel\Exception\NotFoundHttpException: No route found for "GET /images/ecm-logo.png" (uncaught exception) at /Applications/XAMPP/xamppfiles/htdocs/Echecs_MTP/app/cache/prod/classes.php line 5060 [] []
[2012-11-30 12:46:17] request.ERROR: Symfony\Component\HttpKernel\Exception\NotFoundHttpException: No route found for "GET /images/ecm-logo.png" (uncaught exception) at /Applications/XAMPP/xamppfiles/htdocs/Echecs_MTP/app/cache/prod/classes.php line 5060 [] []
[2012-11-30 12:46:19] request.ERROR: Symfony\Component\HttpKernel\Exception\NotFoundHttpException: No route found for "GET /images/ecm-logo.png" (uncaught exception) at /Applications/XAMPP/xamppfiles/htdocs/Echecs_MTP/app/cache/prod/classes.php line 5060 [] []
[2012-11-30 12:46:20] request.ERROR: Symfony\Component\HttpKernel\Exception\NotFoundHttpException: No route found for "GET /images/ecm-logo.png" (uncaught exception) at /Applications/XAMPP/xamppfiles/htdocs/Echecs_MTP/app/cache/prod/classes.php line 5060 [] []
[2012-11-30 12:46:21] request.ERROR: Symfony\Component\HttpKernel\Exception\NotFoundHttpException: No route found for "GET /images/ecm-logo.png" (uncaught exception) at /Applications/XAMPP/xamppfiles/htdocs/Echecs_MTP/app/cache/prod/classes.php line 5060 [] []
[2012-11-30 12:47:24] request.ERROR: Symfony\Component\HttpKernel\Exception\NotFoundHttpException: No route found for "GET /images/ecm-logo.png" (uncaught exception) at /Applications/XAMPP/xamppfiles/htdocs/Echecs_MTP/app/cache/prod/classes.php line 5060 [] []
[2012-11-30 12:48:16] request.ERROR: Symfony\Component\HttpKernel\Exception\NotFoundHttpException: No route found for "GET /images/ecm-logo.png" (uncaught exception) at /Applications/XAMPP/xamppfiles/htdocs/Echecs_MTP/app/cache/prod/classes.php line 5060 [] []
[2012-11-30 12:48:21] request.ERROR: Symfony\Component\HttpKernel\Exception\NotFoundHttpException: No route found for "GET /images/ecm-logo.png" (uncaught exception) at /Applications/XAMPP/xamppfiles/htdocs/Echecs_MTP/app/cache/prod/classes.php line 5060 [] []
[2012-11-30 12:48:22] request.ERROR: Symfony\Component\HttpKernel\Exception\NotFoundHttpException: No route found for "GET /images/ecm-logo.png" (uncaught exception) at /Applications/XAMPP/xamppfiles/htdocs/Echecs_MTP/app/cache/prod/classes.php line 5060 [] []
[2012-11-30 12:48:23] request.ERROR: Symfony\Component\HttpKernel\Exception\NotFoundHttpException: No route found for "GET /images/ecm-logo.png" (uncaught exception) at /Applications/XAMPP/xamppfiles/htdocs/Echecs_MTP/app/cache/prod/classes.php line 5060 [] []
[2012-11-30 12:48:24] request.ERROR: Symfony\Component\HttpKernel\Exception\NotFoundHttpException: No route found for "GET /images/ecm-logo.png" (uncaught exception) at /Applications/XAMPP/xamppfiles/htdocs/Echecs_MTP/app/cache/prod/classes.php line 5060 [] []
[2012-11-30 12:52:52] request.ERROR: Symfony\Component\HttpKernel\Exception\NotFoundHttpException: No route found for "GET /images/ecm-logo.png" (uncaught exception) at /Applications/XAMPP/xamppfiles/htdocs/Echecs_MTP/app/cache/prod/classes.php line 5060 [] []
[2012-11-30 12:52:57] request.ERROR: Symfony\Component\HttpKernel\Exception\NotFoundHttpException: No route found for "GET /images/ecm-logo.png" (uncaught exception) at /Applications/XAMPP/xamppfiles/htdocs/Echecs_MTP/app/cache/prod/classes.php line 5060 [] []
[2012-11-30 12:52:58] request.ERROR: Symfony\Component\HttpKernel\Exception\NotFoundHttpException: No route found for "GET /images/ecm-logo.png" (uncaught exception) at /Applications/XAMPP/xamppfiles/htdocs/Echecs_MTP/app/cache/prod/classes.php line 5060 [] []
[2012-11-30 12:53:02] request.ERROR: Symfony\Component\HttpKernel\Exception\NotFoundHttpException: No route found for "GET /images/ecm-logo.png" (uncaught exception) at /Applications/XAMPP/xamppfiles/htdocs/Echecs_MTP/app/cache/prod/classes.php line 5060 [] []
[2012-11-30 12:53:09] request.ERROR: Symfony\Component\HttpKernel\Exception\NotFoundHttpException: No route found for "GET /images/ecm-logo.png" (uncaught exception) at /Applications/XAMPP/xamppfiles/htdocs/Echecs_MTP/app/cache/prod/classes.php line 5060 [] []
[2012-11-30 12:53:10] request.ERROR: Symfony\Component\HttpKernel\Exception\NotFoundHttpException: No route found for "GET /images/ecm-logo.png" (uncaught exception) at /Applications/XAMPP/xamppfiles/htdocs/Echecs_MTP/app/cache/prod/classes.php line 5060 [] []
[2012-11-30 12:53:11] request.ERROR: Symfony\Component\HttpKernel\Exception\NotFoundHttpException: No route found for "GET /images/ecm-logo.png" (uncaught exception) at /Applications/XAMPP/xamppfiles/htdocs/Echecs_MTP/app/cache/prod/classes.php line 5060 [] []
[2012-11-30 12:53:12] request.ERROR: Symfony\Component\HttpKernel\Exception\NotFoundHttpException: No route found for "GET /images/ecm-logo.png" (uncaught exception) at /Applications/XAMPP/xamppfiles/htdocs/Echecs_MTP/app/cache/prod/classes.php line 5060 [] []
[2012-11-30 12:53:43] request.ERROR: Symfony\Component\HttpKernel\Exception\NotFoundHttpException: No route found for "GET /images/ecm-logo.png" (uncaught exception) at /Applications/XAMPP/xamppfiles/htdocs/Echecs_MTP/app/cache/prod/classes.php line 5060 [] []
[2012-11-30 12:54:33] request.ERROR: Symfony\Component\HttpKernel\Exception\NotFoundHttpException: No route found for "GET /images/ecm-logo.png" (uncaught exception) at /Applications/XAMPP/xamppfiles/htdocs/Echecs_MTP/app/cache/prod/classes.php line 5060 [] []
[2012-11-30 12:55:03] request.ERROR: Symfony\Component\HttpKernel\Exception\NotFoundHttpException: No route found for "GET /images/ecm-logo.png" (uncaught exception) at /Applications/XAMPP/xamppfiles/htdocs/Echecs_MTP/app/cache/prod/classes.php line 5060 [] []
[2012-11-30 12:55:04] request.ERROR: Symfony\Component\HttpKernel\Exception\NotFoundHttpException: No route found for "GET /images/ecm-logo.png" (uncaught exception) at /Applications/XAMPP/xamppfiles/htdocs/Echecs_MTP/app/cache/prod/classes.php line 5060 [] []
[2012-11-30 12:55:05] request.ERROR: Symfony\Component\HttpKernel\Exception\NotFoundHttpException: No route found for "GET /images/ecm-logo.png" (uncaught exception) at /Applications/XAMPP/xamppfiles/htdocs/Echecs_MTP/app/cache/prod/classes.php line 5060 [] []
[2012-11-30 12:55:07] request.ERROR: Symfony\Component\HttpKernel\Exception\NotFoundHttpException: No route found for "GET /images/ecm-logo.png" (uncaught exception) at /Applications/XAMPP/xamppfiles/htdocs/Echecs_MTP/app/cache/prod/classes.php line 5060 [] []
[2012-11-30 12:55:08] request.ERROR: Symfony\Component\HttpKernel\Exception\NotFoundHttpException: No route found for "GET /images/ecm-logo.png" (uncaught exception) at /Applications/XAMPP/xamppfiles/htdocs/Echecs_MTP/app/cache/prod/classes.php line 5060 [] []
[2012-11-30 12:55:08] request.ERROR: Symfony\Component\HttpKernel\Exception\NotFoundHttpException: No route found for "GET /images/ecm-logo.png" (uncaught exception) at /Applications/XAMPP/xamppfiles/htdocs/Echecs_MTP/app/cache/prod/classes.php line 5060 [] []
[2012-11-30 12:55:09] request.ERROR: Symfony\Component\HttpKernel\Exception\NotFoundHttpException: No route found for "GET /images/ecm-logo.png" (uncaught exception) at /Applications/XAMPP/xamppfiles/htdocs/Echecs_MTP/app/cache/prod/classes.php line 5060 [] []
[2012-11-30 12:55:09] request.ERROR: Symfony\Component\HttpKernel\Exception\NotFoundHttpException: No route found for "GET /images/ecm-logo.png" (uncaught exception) at /Applications/XAMPP/xamppfiles/htdocs/Echecs_MTP/app/cache/prod/classes.php line 5060 [] []
[2012-11-30 12:55:10] request.ERROR: Symfony\Component\HttpKernel\Exception\NotFoundHttpException: No route found for "GET /images/ecm-logo.png" (uncaught exception) at /Applications/XAMPP/xamppfiles/htdocs/Echecs_MTP/app/cache/prod/classes.php line 5060 [] []
[2012-11-30 12:55:11] request.ERROR: Symfony\Component\HttpKernel\Exception\NotFoundHttpException: No route found for "GET /images/ecm-logo.png" (uncaught exception) at /Applications/XAMPP/xamppfiles/htdocs/Echecs_MTP/app/cache/prod/classes.php line 5060 [] []
[2012-11-30 12:55:12] request.ERROR: Symfony\Component\HttpKernel\Exception\NotFoundHttpException: No route found for "GET /images/ecm-logo.png" (uncaught exception) at /Applications/XAMPP/xamppfiles/htdocs/Echecs_MTP/app/cache/prod/classes.php line 5060 [] []
[2012-11-30 12:55:14] request.ERROR: Symfony\Component\HttpKernel\Exception\NotFoundHttpException: No route found for "GET /images/ecm-logo.png" (uncaught exception) at /Applications/XAMPP/xamppfiles/htdocs/Echecs_MTP/app/cache/prod/classes.php line 5060 [] []
